[6.596s] DEBUG:colcon:Command line arguments: ['/usr/bin/colcon', 'build']
[6.596s] DEBUG:colcon:Parsed command line arguments: Namespace(log_base=None, log_level=None, verb_name='build', build_base='build', install_base='install', merge_install=False, symlink_install=False, test_result_base=None, continue_on_error=False, executor='parallel', parallel_workers=4, event_handlers=None, ignore_user_meta=False, metas=['./colcon.meta'], base_paths=['.'], packages_ignore=None, packages_ignore_regex=None, paths=None, packages_up_to=None, packages_up_to_regex=None, packages_above=None, packages_above_and_dependencies=None, packages_above_depth=None, packages_select_by_dep=None, packages_skip_by_dep=None, packages_skip_up_to=None, packages_select_build_failed=False, packages_skip_build_finished=False, packages_select_test_failures=False, packages_skip_test_passed=False, packages_select=None, packages_skip=None, packages_select_regex=None, packages_skip_regex=None, packages_start=None, packages_end=None, allow_overriding=[], cmake_args=None, cmake_target=None, cmake_target_skip_unavailable=False, cmake_clean_cache=False, cmake_clean_first=False, cmake_force_configure=False, ament_cmake_args=None, catkin_cmake_args=None, catkin_skip_building_tests=False, mixin_files=None, mixin=None, verb_parser=<colcon_mixin.mixin.mixin_argument.MixinArgumentDecorator object at 0x7537995ac050>, verb_extension=<colcon_core.verb.build.BuildVerb object at 0x75379a276810>, main=<bound method BuildVerb.main of <colcon_core.verb.build.BuildVerb object at 0x75379a276810>>, mixin_verb=('build',))
[6.901s] Level 1:colcon.colcon_core.package_discovery:discover_packages(colcon_meta) check parameters
[6.901s] Level 1:colcon.colcon_core.package_discovery:discover_packages(recursive) check parameters
[6.901s] Level 1:colcon.colcon_core.package_discovery:discover_packages(ignore) check parameters
[6.901s] Level 1:colcon.colcon_core.package_discovery:discover_packages(path) check parameters
[6.901s] Level 1:colcon.colcon_core.package_discovery:discover_packages(colcon_meta) discover
[6.901s] Level 1:colcon.colcon_core.package_discovery:discover_packages(recursive) discover
[6.901s] INFO:colcon.colcon_core.package_discovery:Crawling recursively for packages in '/home/achieng/robotics/diff_drive'
[6.901s] Level 1:colcon.colcon_core.package_identification:_identify(.) by extensions ['ignore', 'ignore_ament_install']
[6.901s] Level 1:colcon.colcon_core.package_identification:_identify(.) by extension 'ignore'
[6.901s] Level 1:colcon.colcon_core.package_identification:_identify(.) by extension 'ignore_ament_install'
[6.902s] Level 1:colcon.colcon_core.package_identification:_identify(.) by extensions ['colcon_pkg']
[6.902s] Level 1:colcon.colcon_core.package_identification:_identify(.) by extension 'colcon_pkg'
[6.902s] Level 1:colcon.colcon_core.package_identification:_identify(.) by extensions ['colcon_meta']
[6.902s] Level 1:colcon.colcon_core.package_identification:_identify(.) by extension 'colcon_meta'
[6.902s] Level 1:colcon.colcon_core.package_identification:_identify(.) by extensions ['ros']
[6.902s] Level 1:colcon.colcon_core.package_identification:_identify(.) by extension 'ros'
[7.217s] Level 1:colcon.colcon_core.package_identification:_identify(.) by extensions ['cmake', 'python']
[7.218s] Level 1:colcon.colcon_core.package_identification:_identify(.) by extension 'cmake'
[7.218s] Level 1:colcon.colcon_core.package_identification:_identify(.) by extension 'python'
[7.218s] Level 1:colcon.colcon_core.package_identification:_identify(.) by extensions ['python_setup_py']
[7.218s] Level 1:colcon.colcon_core.package_identification:_identify(.) by extension 'python_setup_py'
[7.218s] Level 1:colcon.colcon_core.package_identification:_identify(build) by extensions ['ignore', 'ignore_ament_install']
[7.218s] Level 1:colcon.colcon_core.package_identification:_identify(build) by extension 'ignore'
[7.218s] Level 1:colcon.colcon_core.package_identification:_identify(build) ignored
[7.218s] Level 1:colcon.colcon_core.package_identification:_identify(install) by extensions ['ignore', 'ignore_ament_install']
[7.218s] Level 1:colcon.colcon_core.package_identification:_identify(install) by extension 'ignore'
[7.219s] Level 1:colcon.colcon_core.package_identification:_identify(install) ignored
[7.219s] Level 1:colcon.colcon_core.package_identification:_identify(log) by extensions ['ignore', 'ignore_ament_install']
[7.219s] Level 1:colcon.colcon_core.package_identification:_identify(log) by extension 'ignore'
[7.219s] Level 1:colcon.colcon_core.package_identification:_identify(log) ignored
[7.219s] Level 1:colcon.colcon_core.package_identification:_identify(src) by extensions ['ignore', 'ignore_ament_install']
[7.219s] Level 1:colcon.colcon_core.package_identification:_identify(src) by extension 'ignore'
[7.219s] Level 1:colcon.colcon_core.package_identification:_identify(src) by extension 'ignore_ament_install'
[7.219s] Level 1:colcon.colcon_core.package_identification:_identify(src) by extensions ['colcon_pkg']
[7.219s] Level 1:colcon.colcon_core.package_identification:_identify(src) by extension 'colcon_pkg'
[7.219s] Level 1:colcon.colcon_core.package_identification:_identify(src) by extensions ['colcon_meta']
[7.219s] Level 1:colcon.colcon_core.package_identification:_identify(src) by extension 'colcon_meta'
[7.219s] Level 1:colcon.colcon_core.package_identification:_identify(src) by extensions ['ros']
[7.219s] Level 1:colcon.colcon_core.package_identification:_identify(src) by extension 'ros'
[7.220s] Level 1:colcon.colcon_core.package_identification:_identify(src) by extensions ['cmake', 'python']
[7.220s] Level 1:colcon.colcon_core.package_identification:_identify(src) by extension 'cmake'
[7.220s] Level 1:colcon.colcon_core.package_identification:_identify(src) by extension 'python'
[7.220s] Level 1:colcon.colcon_core.package_identification:_identify(src) by extensions ['python_setup_py']
[7.220s] Level 1:colcon.colcon_core.package_identification:_identify(src) by extension 'python_setup_py'
[7.220s] Level 1:colcon.colcon_core.package_discovery:discover_packages(recursive) using defaults
[7.220s] Level 1:colcon.colcon_core.package_discovery:discover_packages(ignore) discover
[7.220s] Level 1:colcon.colcon_core.package_discovery:discover_packages(ignore) using defaults
[7.220s] Level 1:colcon.colcon_core.package_discovery:discover_packages(path) discover
[7.220s] Level 1:colcon.colcon_core.package_discovery:discover_packages(path) using defaults
[7.549s] Level 1:colcon.colcon_core.package_discovery:discover_packages(prefix_path) check parameters
[7.549s] Level 1:colcon.colcon_core.package_discovery:discover_packages(prefix_path) discover
[7.594s] DEBUG:colcon.colcon_installed_package_information.package_discovery:Found 362 installed packages in /opt/ros/jazzy
[7.597s] Level 1:colcon.colcon_core.package_discovery:discover_packages(prefix_path) using defaults
[7.711s] INFO:colcon.colcon_core.executor:Executing jobs using 'parallel' executor
[7.712s] DEBUG:colcon.colcon_parallel_executor.executor.parallel:run_until_complete
[7.713s] DEBUG:colcon.colcon_parallel_executor.executor.parallel:closing loop
[7.713s] DEBUG:colcon.colcon_parallel_executor.executor.parallel:loop closed
[7.713s] DEBUG:colcon.colcon_parallel_executor.executor.parallel:run_until_complete finished with '0'
[7.713s] DEBUG:colcon.colcon_core.event_reactor:joining thread
[7.738s] INFO:colcon.colcon_core.plugin_system:Skipping extension 'colcon_notification.desktop_notification.terminal_notifier': Not used on non-Darwin systems
[7.739s] INFO:colcon.colcon_core.plugin_system:Skipping extension 'colcon_notification.desktop_notification.win32': Not used on non-Windows systems
[7.739s] INFO:colcon.colcon_notification.desktop_notification:Sending desktop notification using 'notify2'
[7.758s] DEBUG:colcon.colcon_core.event_reactor:joined thread
[7.933s] INFO:colcon.colcon_core.plugin_system:Skipping extension 'colcon_core.shell.bat': Not used on non-Windows systems
[7.933s] INFO:colcon.colcon_core.shell:Creating prefix script '/home/achieng/robotics/diff_drive/install/local_setup.ps1'
[7.956s] INFO:colcon.colcon_core.shell:Creating prefix util module '/home/achieng/robotics/diff_drive/install/_local_setup_util_ps1.py'
[7.969s] INFO:colcon.colcon_core.shell:Creating prefix chain script '/home/achieng/robotics/diff_drive/install/setup.ps1'
[7.973s] INFO:colcon.colcon_core.shell:Creating prefix script '/home/achieng/robotics/diff_drive/install/local_setup.sh'
[7.976s] INFO:colcon.colcon_core.shell:Creating prefix util module '/home/achieng/robotics/diff_drive/install/_local_setup_util_sh.py'
[7.978s] INFO:colcon.colcon_core.shell:Creating prefix chain script '/home/achieng/robotics/diff_drive/install/setup.sh'
[7.986s] INFO:colcon.colcon_core.shell:Creating prefix script '/home/achieng/robotics/diff_drive/install/local_setup.bash'
[7.992s] INFO:colcon.colcon_core.shell:Creating prefix chain script '/home/achieng/robotics/diff_drive/install/setup.bash'
[7.998s] INFO:colcon.colcon_core.shell:Creating prefix script '/home/achieng/robotics/diff_drive/install/local_setup.zsh'
[8.016s] INFO:colcon.colcon_core.shell:Creating prefix chain script '/home/achieng/robotics/diff_drive/install/setup.zsh'
